{"/Users/kaidubauskas/Desktop/CSProjects/ReUseVandy/src/app/home/(listings)/createListingModal.tsx": {"path":"/Users/kaidubauskas/Desktop/CSProjects/ReUseVandy/src/app/home/(listings)/createListingModal.tsx","statementMap":{"0":{"start":{"line":19,"column":24},"end":{"line":19,"column":38}},"1":{"start":{"line":2,"column":51},"end":{"line":2,"column":null}},"2":{"start":{"line":4,"column":152},"end":{"line":4,"column":null}},"3":{"start":{"line":6,"column":24},"end":{"line":6,"column":null}},"4":{"start":{"line":8,"column":30},"end":{"line":8,"column":null}},"5":{"start":{"line":9,"column":7},"end":{"line":9,"column":null}},"6":{"start":{"line":10,"column":7},"end":{"line":10,"column":null}},"7":{"start":{"line":20,"column":19},"end":{"line":20,"column":null}},"8":{"start":{"line":21,"column":30},"end":{"line":21,"column":null}},"9":{"start":{"line":22,"column":42},"end":{"line":22,"column":null}},"10":{"start":{"line":23,"column":30},"end":{"line":23,"column":null}},"11":{"start":{"line":24,"column":36},"end":{"line":24,"column":null}},"12":{"start":{"line":25,"column":25},"end":{"line":25,"column":null}},"13":{"start":{"line":26,"column":36},"end":{"line":26,"column":null}},"14":{"start":{"line":29,"column":28},"end":{"line":39,"column":null}},"15":{"start":{"line":41,"column":28},"end":{"line":48,"column":null}},"16":{"start":{"line":55,"column":8},"end":{"line":83,"column":null}},"17":{"start":{"line":59,"column":29},"end":{"line":59,"column":null}},"18":{"start":{"line":60,"column":12},"end":{"line":61,"column":null}},"19":{"start":{"line":61,"column":16},"end":{"line":61,"column":null}},"20":{"start":{"line":62,"column":25},"end":{"line":71,"column":null}},"21":{"start":{"line":75,"column":22},"end":{"line":75,"column":null}},"22":{"start":{"line":76,"column":12},"end":{"line":76,"column":null}},"23":{"start":{"line":77,"column":12},"end":{"line":80,"column":null}},"24":{"start":{"line":78,"column":16},"end":{"line":78,"column":null}},"25":{"start":{"line":79,"column":16},"end":{"line":79,"column":null}},"26":{"start":{"line":82,"column":12},"end":{"line":82,"column":null}},"27":{"start":{"line":94,"column":58},"end":{"line":94,"column":91}},"28":{"start":{"line":95,"column":64},"end":{"line":95,"column":103}},"29":{"start":{"line":102,"column":41},"end":{"line":102,"column":null}},"30":{"start":{"line":109,"column":41},"end":{"line":109,"column":null}}},"fnMap":{"0":{"name":"CreateListing","decl":{"start":{"line":19,"column":24},"end":{"line":19,"column":38}},"loc":{"start":{"line":19,"column":133},"end":{"line":119,"column":null}}},"1":{"name":"handleSubmit","decl":{"start":{"line":53,"column":19},"end":{"line":53,"column":null}},"loc":{"start":{"line":53,"column":19},"end":{"line":84,"column":null}}},"2":{"name":"(anonymous_6)","decl":{"start":{"line":94,"column":51},"end":{"line":94,"column":52}},"loc":{"start":{"line":94,"column":58},"end":{"line":94,"column":91}}},"3":{"name":"(anonymous_7)","decl":{"start":{"line":95,"column":57},"end":{"line":95,"column":58}},"loc":{"start":{"line":95,"column":64},"end":{"line":95,"column":103}}},"4":{"name":"(anonymous_8)","decl":{"start":{"line":102,"column":30},"end":{"line":102,"column":31}},"loc":{"start":{"line":102,"column":41},"end":{"line":102,"column":null}}},"5":{"name":"(anonymous_9)","decl":{"start":{"line":109,"column":30},"end":{"line":109,"column":31}},"loc":{"start":{"line":109,"column":41},"end":{"line":109,"column":null}}}},"branchMap":{"0":{"loc":{"start":{"line":60,"column":12},"end":{"line":61,"column":null}},"type":"if","locations":[{"start":{"line":60,"column":12},"end":{"line":61,"column":null}}]},"1":{"loc":{"start":{"line":60,"column":16},"end":{"line":60,"column":66}},"type":"binary-expr","locations":[{"start":{"line":60,"column":16},"end":{"line":60,"column":36}},{"start":{"line":60,"column":40},"end":{"line":60,"column":66}}]},"2":{"loc":{"start":{"line":77,"column":12},"end":{"line":80,"column":null}},"type":"if","locations":[{"start":{"line":77,"column":12},"end":{"line":80,"column":null}}]},"3":{"loc":{"start":{"line":102,"column":53},"end":{"line":102,"column":null}},"type":"binary-expr","locations":[{"start":{"line":102,"column":53},"end":{"line":102,"column":62}},{"start":{"line":102,"column":62},"end":{"line":102,"column":null}}]},"4":{"loc":{"start":{"line":109,"column":53},"end":{"line":109,"column":null}},"type":"binary-expr","locations":[{"start":{"line":109,"column":53},"end":{"line":109,"column":62}},{"start":{"line":109,"column":62},"end":{"line":109,"column":null}}]}},"s":{"0":18,"1":1,"2":1,"3":1,"4":1,"5":1,"6":1,"7":18,"8":18,"9":18,"10":18,"11":18,"12":18,"13":18,"14":18,"15":18,"16":0,"17":0,"18":0,"19":0,"20":0,"21":0,"22":0,"23":0,"24":0,"25":0,"26":0,"27":0,"28":0,"29":0,"30":0},"f":{"0":18,"1":0,"2":0,"3":0,"4":0,"5":0},"b":{"0":[0],"1":[0,0],"2":[0],"3":[0,0],"4":[0,0]}}
,"/Users/kaidubauskas/Desktop/CSProjects/ReUseVandy/src/app/home/(listings)/listingEditModal.tsx": {"path":"/Users/kaidubauskas/Desktop/CSProjects/ReUseVandy/src/app/home/(listings)/listingEditModal.tsx","statementMap":{"0":{"start":{"line":19,"column":24},"end":{"line":19,"column":41}},"1":{"start":{"line":2,"column":48},"end":{"line":2,"column":null}},"2":{"start":{"line":4,"column":133},"end":{"line":4,"column":null}},"3":{"start":{"line":7,"column":24},"end":{"line":7,"column":null}},"4":{"start":{"line":8,"column":43},"end":{"line":8,"column":null}},"5":{"start":{"line":9,"column":7},"end":{"line":9,"column":null}},"6":{"start":{"line":10,"column":7},"end":{"line":10,"column":null}},"7":{"start":{"line":14,"column":35},"end":{"line":14,"column":73}},"8":{"start":{"line":20,"column":19},"end":{"line":20,"column":null}},"9":{"start":{"line":22,"column":30},"end":{"line":22,"column":null}},"10":{"start":{"line":23,"column":42},"end":{"line":23,"column":null}},"11":{"start":{"line":24,"column":30},"end":{"line":24,"column":null}},"12":{"start":{"line":25,"column":36},"end":{"line":25,"column":null}},"13":{"start":{"line":26,"column":32},"end":{"line":26,"column":null}},"14":{"start":{"line":27,"column":36},"end":{"line":27,"column":null}},"15":{"start":{"line":29,"column":28},"end":{"line":38,"column":null}},"16":{"start":{"line":40,"column":4},"end":{"line":47,"column":null}},"17":{"start":{"line":41,"column":4},"end":{"line":41,"column":null}},"18":{"start":{"line":42,"column":4},"end":{"line":42,"column":null}},"19":{"start":{"line":43,"column":4},"end":{"line":43,"column":null}},"20":{"start":{"line":44,"column":4},"end":{"line":44,"column":null}},"21":{"start":{"line":45,"column":4},"end":{"line":45,"column":null}},"22":{"start":{"line":46,"column":4},"end":{"line":46,"column":41}},"23":{"start":{"line":55,"column":8},"end":{"line":59,"column":null}},"24":{"start":{"line":56,"column":22},"end":{"line":56,"column":null}},"25":{"start":{"line":58,"column":12},"end":{"line":58,"column":null}},"26":{"start":{"line":60,"column":8},"end":{"line":60,"column":null}},"27":{"start":{"line":61,"column":8},"end":{"line":61,"column":null}},"28":{"start":{"line":70,"column":8},"end":{"line":70,"column":76}},"29":{"start":{"line":71,"column":8},"end":{"line":79,"column":null}},"30":{"start":{"line":72,"column":22},"end":{"line":72,"column":116}},"31":{"start":{"line":73,"column":12},"end":{"line":76,"column":null}},"32":{"start":{"line":74,"column":16},"end":{"line":74,"column":null}},"33":{"start":{"line":75,"column":16},"end":{"line":75,"column":null}},"34":{"start":{"line":78,"column":12},"end":{"line":78,"column":null}},"35":{"start":{"line":101,"column":58},"end":{"line":101,"column":91}},"36":{"start":{"line":102,"column":64},"end":{"line":102,"column":103}},"37":{"start":{"line":104,"column":61},"end":{"line":104,"column":97}},"38":{"start":{"line":105,"column":59},"end":{"line":105,"column":93}},"39":{"start":{"line":111,"column":41},"end":{"line":111,"column":null}}},"fnMap":{"0":{"name":"ListingEditModal","decl":{"start":{"line":19,"column":24},"end":{"line":19,"column":41}},"loc":{"start":{"line":19,"column":167},"end":{"line":124,"column":null}}},"1":{"name":"(anonymous_5)","decl":{"start":{"line":40,"column":14},"end":{"line":40,"column":null}},"loc":{"start":{"line":40,"column":14},"end":{"line":47,"column":3}}},"2":{"name":"handleDeleteListing","decl":{"start":{"line":54,"column":19},"end":{"line":54,"column":null}},"loc":{"start":{"line":54,"column":19},"end":{"line":62,"column":null}}},"3":{"name":"handleSubmit","decl":{"start":{"line":69,"column":19},"end":{"line":69,"column":null}},"loc":{"start":{"line":69,"column":19},"end":{"line":80,"column":null}}},"4":{"name":"(anonymous_8)","decl":{"start":{"line":101,"column":51},"end":{"line":101,"column":52}},"loc":{"start":{"line":101,"column":58},"end":{"line":101,"column":91}}},"5":{"name":"(anonymous_9)","decl":{"start":{"line":102,"column":57},"end":{"line":102,"column":58}},"loc":{"start":{"line":102,"column":64},"end":{"line":102,"column":103}}},"6":{"name":"(anonymous_10)","decl":{"start":{"line":104,"column":54},"end":{"line":104,"column":55}},"loc":{"start":{"line":104,"column":61},"end":{"line":104,"column":97}}},"7":{"name":"(anonymous_11)","decl":{"start":{"line":105,"column":52},"end":{"line":105,"column":53}},"loc":{"start":{"line":105,"column":59},"end":{"line":105,"column":93}}},"8":{"name":"(anonymous_12)","decl":{"start":{"line":111,"column":30},"end":{"line":111,"column":31}},"loc":{"start":{"line":111,"column":41},"end":{"line":111,"column":null}}}},"branchMap":{"0":{"loc":{"start":{"line":27,"column":45},"end":{"line":27,"column":null}},"type":"binary-expr","locations":[{"start":{"line":27,"column":45},"end":{"line":27,"column":61}},{"start":{"line":27,"column":65},"end":{"line":27,"column":null}}]},"1":{"loc":{"start":{"line":46,"column":16},"end":{"line":46,"column":41}},"type":"binary-expr","locations":[{"start":{"line":46,"column":16},"end":{"line":46,"column":32}},{"start":{"line":46,"column":36},"end":{"line":46,"column":41}}]},"2":{"loc":{"start":{"line":73,"column":12},"end":{"line":76,"column":null}},"type":"if","locations":[{"start":{"line":73,"column":12},"end":{"line":76,"column":null}}]},"3":{"loc":{"start":{"line":111,"column":53},"end":{"line":111,"column":null}},"type":"binary-expr","locations":[{"start":{"line":111,"column":53},"end":{"line":111,"column":62}},{"start":{"line":111,"column":62},"end":{"line":111,"column":null}}]}},"s":{"0":4,"1":1,"2":1,"3":1,"4":1,"5":1,"6":1,"7":1,"8":0,"9":0,"10":0,"11":0,"12":0,"13":0,"14":0,"15":0,"16":0,"17":0,"18":0,"19":0,"20":0,"21":0,"22":0,"23":0,"24":0,"25":0,"26":0,"27":0,"28":0,"29":0,"30":0,"31":0,"32":0,"33":0,"34":0,"35":0,"36":0,"37":0,"38":0,"39":0},"f":{"0":0,"1":0,"2":0,"3":0,"4":0,"5":0,"6":0,"7":0,"8":0},"b":{"0":[0,0],"1":[0,0],"2":[0],"3":[0,0]}}
,"/Users/kaidubauskas/Desktop/CSProjects/ReUseVandy/src/app/home/(listings)/listingsContainer.tsx": {"path":"/Users/kaidubauskas/Desktop/CSProjects/ReUseVandy/src/app/home/(listings)/listingsContainer.tsx","statementMap":{"0":{"start":{"line":24,"column":24},"end":{"line":24,"column":42}},"1":{"start":{"line":2,"column":43},"end":{"line":2,"column":null}},"2":{"start":{"line":3,"column":25},"end":{"line":3,"column":null}},"3":{"start":{"line":6,"column":122},"end":{"line":6,"column":null}},"4":{"start":{"line":7,"column":17},"end":{"line":7,"column":null}},"5":{"start":{"line":9,"column":43},"end":{"line":9,"column":null}},"6":{"start":{"line":10,"column":26},"end":{"line":10,"column":null}},"7":{"start":{"line":11,"column":30},"end":{"line":11,"column":null}},"8":{"start":{"line":12,"column":26},"end":{"line":12,"column":null}},"9":{"start":{"line":13,"column":24},"end":{"line":13,"column":null}},"10":{"start":{"line":14,"column":7},"end":{"line":14,"column":null}},"11":{"start":{"line":15,"column":7},"end":{"line":15,"column":null}},"12":{"start":{"line":16,"column":30},"end":{"line":16,"column":null}},"13":{"start":{"line":25,"column":19},"end":{"line":25,"column":null}},"14":{"start":{"line":28,"column":36},"end":{"line":28,"column":null}},"15":{"start":{"line":29,"column":42},"end":{"line":29,"column":null}},"16":{"start":{"line":30,"column":38},"end":{"line":30,"column":null}},"17":{"start":{"line":31,"column":40},"end":{"line":31,"column":null}},"18":{"start":{"line":32,"column":46},"end":{"line":32,"column":66}},"19":{"start":{"line":33,"column":48},"end":{"line":33,"column":null}},"20":{"start":{"line":37,"column":28},"end":{"line":43,"column":null}},"21":{"start":{"line":50,"column":29},"end":{"line":61,"column":null}},"22":{"start":{"line":51,"column":8},"end":{"line":51,"column":null}},"23":{"start":{"line":53,"column":31},"end":{"line":58,"column":null}},"24":{"start":{"line":54,"column":26},"end":{"line":54,"column":null}},"25":{"start":{"line":55,"column":26},"end":{"line":55,"column":null}},"26":{"start":{"line":57,"column":12},"end":{"line":57,"column":null}},"27":{"start":{"line":60,"column":8},"end":{"line":60,"column":null}},"28":{"start":{"line":64,"column":8},"end":{"line":87,"column":null}},"29":{"start":{"line":65,"column":22},"end":{"line":65,"column":null}},"30":{"start":{"line":66,"column":12},"end":{"line":84,"column":null}},"31":{"start":{"line":67,"column":16},"end":{"line":67,"column":null}},"32":{"start":{"line":68,"column":47},"end":{"line":80,"column":null}},"33":{"start":{"line":68,"column":64},"end":{"line":80,"column":null}},"34":{"start":{"line":81,"column":16},"end":{"line":81,"column":null}},"35":{"start":{"line":82,"column":16},"end":{"line":82,"column":null}},"36":{"start":{"line":83,"column":16},"end":{"line":83,"column":null}},"37":{"start":{"line":86,"column":12},"end":{"line":86,"column":null}},"38":{"start":{"line":93,"column":8},"end":{"line":117,"column":null}},"39":{"start":{"line":94,"column":22},"end":{"line":94,"column":null}},"40":{"start":{"line":95,"column":12},"end":{"line":95,"column":null}},"41":{"start":{"line":96,"column":12},"end":{"line":113,"column":null}},"42":{"start":{"line":97,"column":16},"end":{"line":97,"column":null}},"43":{"start":{"line":98,"column":47},"end":{"line":110,"column":null}},"44":{"start":{"line":98,"column":64},"end":{"line":110,"column":null}},"45":{"start":{"line":111,"column":16},"end":{"line":111,"column":null}},"46":{"start":{"line":112,"column":16},"end":{"line":112,"column":null}},"47":{"start":{"line":115,"column":12},"end":{"line":115,"column":null}},"48":{"start":{"line":120,"column":4},"end":{"line":133,"column":null}},"49":{"start":{"line":121,"column":8},"end":{"line":131,"column":null}},"50":{"start":{"line":123,"column":12},"end":{"line":130,"column":null}},"51":{"start":{"line":124,"column":16},"end":{"line":124,"column":null}},"52":{"start":{"line":125,"column":16},"end":{"line":125,"column":null}},"53":{"start":{"line":128,"column":16},"end":{"line":128,"column":null}},"54":{"start":{"line":129,"column":16},"end":{"line":129,"column":null}},"55":{"start":{"line":136,"column":8},"end":{"line":141,"column":null}},"56":{"start":{"line":137,"column":37},"end":{"line":137,"column":null}},"57":{"start":{"line":137,"column":67},"end":{"line":137,"column":null}},"58":{"start":{"line":138,"column":12},"end":{"line":138,"column":null}},"59":{"start":{"line":140,"column":12},"end":{"line":140,"column":null}},"60":{"start":{"line":145,"column":4},"end":{"line":162,"column":null}},"61":{"start":{"line":147,"column":29},"end":{"line":159,"column":null}},"62":{"start":{"line":148,"column":35},"end":{"line":148,"column":53}},"63":{"start":{"line":151,"column":12},"end":{"line":153,"column":null}},"64":{"start":{"line":152,"column":16},"end":{"line":152,"column":null}},"65":{"start":{"line":152,"column":70},"end":{"line":152,"column":null}},"66":{"start":{"line":158,"column":12},"end":{"line":158,"column":43}},"67":{"start":{"line":161,"column":8},"end":{"line":161,"column":null}},"68":{"start":{"line":194,"column":58},"end":{"line":194,"column":86}},"69":{"start":{"line":195,"column":58},"end":{"line":195,"column":86}},"70":{"start":{"line":200,"column":36},"end":{"line":200,"column":66}},"71":{"start":{"line":200,"column":81},"end":{"line":200,"column":null}},"72":{"start":{"line":204,"column":58},"end":{"line":204,"column":81}},"73":{"start":{"line":212,"column":24},"end":{"line":212,"column":null}}},"fnMap":{"0":{"name":"ListingsContainer","decl":{"start":{"line":24,"column":24},"end":{"line":24,"column":42}},"loc":{"start":{"line":24,"column":148},"end":{"line":224,"column":null}}},"1":{"name":"(anonymous_6)","decl":{"start":{"line":50,"column":29},"end":{"line":50,"column":30}},"loc":{"start":{"line":50,"column":30},"end":{"line":61,"column":null}}},"2":{"name":"(anonymous_7)","decl":{"start":{"line":53,"column":50},"end":{"line":53,"column":51}},"loc":{"start":{"line":53,"column":54},"end":{"line":58,"column":null}}},"3":{"name":"fetchAllListings","decl":{"start":{"line":63,"column":19},"end":{"line":63,"column":null}},"loc":{"start":{"line":63,"column":19},"end":{"line":88,"column":null}}},"4":{"name":"(anonymous_9)","decl":{"start":{"line":68,"column":55},"end":{"line":68,"column":64}},"loc":{"start":{"line":68,"column":64},"end":{"line":80,"column":null}}},"5":{"name":"fetchMyListings","decl":{"start":{"line":92,"column":19},"end":{"line":92,"column":null}},"loc":{"start":{"line":92,"column":19},"end":{"line":118,"column":null}}},"6":{"name":"(anonymous_11)","decl":{"start":{"line":98,"column":55},"end":{"line":98,"column":64}},"loc":{"start":{"line":98,"column":64},"end":{"line":110,"column":null}}},"7":{"name":"(anonymous_12)","decl":{"start":{"line":120,"column":14},"end":{"line":120,"column":null}},"loc":{"start":{"line":120,"column":14},"end":{"line":133,"column":7}}},"8":{"name":"(anonymous_13)","decl":{"start":{"line":135,"column":14},"end":{"line":135,"column":null}},"loc":{"start":{"line":135,"column":14},"end":{"line":142,"column":7}}},"9":{"name":"(anonymous_14)","decl":{"start":{"line":137,"column":56},"end":{"line":137,"column":67}},"loc":{"start":{"line":137,"column":67},"end":{"line":137,"column":null}}},"10":{"name":"(anonymous_15)","decl":{"start":{"line":145,"column":14},"end":{"line":145,"column":null}},"loc":{"start":{"line":145,"column":14},"end":{"line":162,"column":7}}},"11":{"name":"(anonymous_16)","decl":{"start":{"line":147,"column":29},"end":{"line":147,"column":null}},"loc":{"start":{"line":147,"column":29},"end":{"line":159,"column":null}}},"12":{"name":"(anonymous_17)","decl":{"start":{"line":152,"column":59},"end":{"line":152,"column":70}},"loc":{"start":{"line":152,"column":70},"end":{"line":152,"column":null}}},"13":{"name":"(anonymous_18)","decl":{"start":{"line":194,"column":52},"end":{"line":194,"column":58}},"loc":{"start":{"line":194,"column":58},"end":{"line":194,"column":86}}},"14":{"name":"(anonymous_19)","decl":{"start":{"line":195,"column":52},"end":{"line":195,"column":58}},"loc":{"start":{"line":195,"column":58},"end":{"line":195,"column":86}}},"15":{"name":"(anonymous_20)","decl":{"start":{"line":199,"column":53},"end":{"line":199,"column":54}},"loc":{"start":{"line":200,"column":36},"end":{"line":200,"column":66}}},"16":{"name":"(anonymous_21)","decl":{"start":{"line":200,"column":75},"end":{"line":200,"column":81}},"loc":{"start":{"line":200,"column":81},"end":{"line":200,"column":null}}},"17":{"name":"(anonymous_22)","decl":{"start":{"line":204,"column":52},"end":{"line":204,"column":58}},"loc":{"start":{"line":204,"column":58},"end":{"line":204,"column":81}}},"18":{"name":"(anonymous_23)","decl":{"start":{"line":211,"column":57},"end":{"line":211,"column":58}},"loc":{"start":{"line":212,"column":24},"end":{"line":212,"column":null}}}},"branchMap":{"0":{"loc":{"start":{"line":24,"column":57},"end":{"line":24,"column":77}},"type":"default-arg","locations":[{"start":{"line":24,"column":73},"end":{"line":24,"column":77}}]},"1":{"loc":{"start":{"line":57,"column":19},"end":{"line":57,"column":null}},"type":"cond-expr","locations":[{"start":{"line":57,"column":44},"end":{"line":57,"column":60}},{"start":{"line":57,"column":60},"end":{"line":57,"column":null}}]},"2":{"loc":{"start":{"line":66,"column":12},"end":{"line":84,"column":null}},"type":"if","locations":[{"start":{"line":66,"column":12},"end":{"line":84,"column":null}}]},"3":{"loc":{"start":{"line":66,"column":16},"end":{"line":66,"column":54}},"type":"binary-expr","locations":[{"start":{"line":66,"column":16},"end":{"line":66,"column":38}},{"start":{"line":66,"column":38},"end":{"line":66,"column":54}}]},"4":{"loc":{"start":{"line":96,"column":12},"end":{"line":113,"column":null}},"type":"if","locations":[{"start":{"line":96,"column":12},"end":{"line":113,"column":null}}]},"5":{"loc":{"start":{"line":96,"column":16},"end":{"line":96,"column":54}},"type":"binary-expr","locations":[{"start":{"line":96,"column":16},"end":{"line":96,"column":38}},{"start":{"line":96,"column":38},"end":{"line":96,"column":54}}]},"6":{"loc":{"start":{"line":121,"column":8},"end":{"line":131,"column":null}},"type":"if","locations":[{"start":{"line":121,"column":8},"end":{"line":131,"column":null}}]},"7":{"loc":{"start":{"line":123,"column":12},"end":{"line":130,"column":null}},"type":"if","locations":[{"start":{"line":123,"column":12},"end":{"line":130,"column":null}},{"start":{"line":126,"column":19},"end":{"line":130,"column":null}}]},"8":{"loc":{"start":{"line":136,"column":8},"end":{"line":141,"column":null}},"type":"if","locations":[{"start":{"line":136,"column":8},"end":{"line":141,"column":null}},{"start":{"line":139,"column":15},"end":{"line":141,"column":null}}]},"9":{"loc":{"start":{"line":151,"column":12},"end":{"line":153,"column":null}},"type":"if","locations":[{"start":{"line":151,"column":12},"end":{"line":153,"column":null}}]},"10":{"loc":{"start":{"line":170,"column":70},"end":{"line":170,"column":null}},"type":"cond-expr","locations":[{"start":{"line":170,"column":86},"end":{"line":170,"column":105}},{"start":{"line":170,"column":105},"end":{"line":170,"column":null}}]},"11":{"loc":{"start":{"line":211,"column":21},"end":{"line":212,"column":null}},"type":"binary-expr","locations":[{"start":{"line":211,"column":21},"end":{"line":211,"column":44}},{"start":{"line":211,"column":44},"end":{"line":212,"column":null}}]},"12":{"loc":{"start":{"line":213,"column":45},"end":{"line":213,"column":84}},"type":"cond-expr","locations":[{"start":{"line":213,"column":45},"end":{"line":213,"column":84}}]}},"s":{"0":5,"1":1,"2":1,"3":1,"4":1,"5":1,"6":1,"7":1,"8":1,"9":1,"10":1,"11":1,"12":1,"13":18,"14":18,"15":18,"16":18,"17":18,"18":18,"19":18,"20":18,"21":18,"22":0,"23":0,"24":0,"25":0,"26":0,"27":0,"28":4,"29":4,"30":4,"31":4,"32":4,"33":4,"34":4,"35":4,"36":4,"37":0,"38":1,"39":1,"40":1,"41":1,"42":1,"43":1,"44":1,"45":1,"46":1,"47":0,"48":18,"49":5,"50":5,"51":4,"52":4,"53":1,"54":1,"55":5,"56":0,"57":0,"58":0,"59":5,"60":18,"61":5,"62":5,"63":5,"64":0,"65":0,"66":5,"67":5,"68":0,"69":0,"70":72,"71":0,"72":0,"73":8},"f":{"0":18,"1":0,"2":0,"3":4,"4":4,"5":1,"6":1,"7":5,"8":5,"9":0,"10":5,"11":5,"12":0,"13":0,"14":0,"15":72,"16":0,"17":0,"18":8},"b":{"0":[0],"1":[0,0],"2":[4],"3":[4,4],"4":[1],"5":[1,1],"6":[5],"7":[4,1],"8":[0,5],"9":[0],"10":[14,4],"11":[18,8],"12":[6]}}
,"/Users/kaidubauskas/Desktop/CSProjects/ReUseVandy/src/app/home/(listings)/singleListing.tsx": {"path":"/Users/kaidubauskas/Desktop/CSProjects/ReUseVandy/src/app/home/(listings)/singleListing.tsx","statementMap":{"0":{"start":{"line":19,"column":24},"end":{"line":19,"column":38}},"1":{"start":{"line":1,"column":18},"end":{"line":1,"column":null}},"2":{"start":{"line":2,"column":30},"end":{"line":2,"column":null}},"3":{"start":{"line":3,"column":28},"end":{"line":3,"column":null}},"4":{"start":{"line":4,"column":29},"end":{"line":4,"column":null}},"5":{"start":{"line":7,"column":35},"end":{"line":7,"column":73}},"6":{"start":{"line":9,"column":23},"end":{"line":17,"column":null}},"7":{"start":{"line":20,"column":40},"end":{"line":20,"column":null}},"8":{"start":{"line":24,"column":4},"end":{"line":24,"column":79}}},"fnMap":{"0":{"name":"SingleListing","decl":{"start":{"line":19,"column":24},"end":{"line":19,"column":38}},"loc":{"start":{"line":19,"column":71},"end":{"line":47,"column":null}}},"1":{"name":"getCategoryColor","decl":{"start":{"line":23,"column":9},"end":{"line":23,"column":26}},"loc":{"start":{"line":23,"column":42},"end":{"line":25,"column":null}}}},"branchMap":{"0":{"loc":{"start":{"line":24,"column":11},"end":{"line":24,"column":79}},"type":"binary-expr","locations":[{"start":{"line":24,"column":11},"end":{"line":24,"column":66}},{"start":{"line":24,"column":70},"end":{"line":24,"column":79}}]}},"s":{"0":6,"1":1,"2":1,"3":1,"4":1,"5":1,"6":1,"7":12,"8":12},"f":{"0":12,"1":12},"b":{"0":[12,12]}}
,"/Users/kaidubauskas/Desktop/CSProjects/ReUseVandy/src/app/home/(listings)/singleListingEdit.tsx": {"path":"/Users/kaidubauskas/Desktop/CSProjects/ReUseVandy/src/app/home/(listings)/singleListingEdit.tsx","statementMap":{"0":{"start":{"line":15,"column":24},"end":{"line":15,"column":42}},"1":{"start":{"line":2,"column":43},"end":{"line":2,"column":null}},"2":{"start":{"line":3,"column":30},"end":{"line":3,"column":null}},"3":{"start":{"line":4,"column":109},"end":{"line":4,"column":null}},"4":{"start":{"line":6,"column":29},"end":{"line":6,"column":null}},"5":{"start":{"line":7,"column":29},"end":{"line":7,"column":null}},"6":{"start":{"line":10,"column":7},"end":{"line":10,"column":null}},"7":{"start":{"line":11,"column":7},"end":{"line":11,"column":null}},"8":{"start":{"line":13,"column":35},"end":{"line":13,"column":73}},"9":{"start":{"line":16,"column":39},"end":{"line":16,"column":null}},"10":{"start":{"line":17,"column":39},"end":{"line":17,"column":null}},"11":{"start":{"line":20,"column":8},"end":{"line":20,"column":null}},"12":{"start":{"line":21,"column":8},"end":{"line":21,"column":null}},"13":{"start":{"line":24,"column":8},"end":{"line":24,"column":null}},"14":{"start":{"line":25,"column":8},"end":{"line":25,"column":null}}},"fnMap":{"0":{"name":"SingleListingEdit","decl":{"start":{"line":15,"column":24},"end":{"line":15,"column":42}},"loc":{"start":{"line":15,"column":117},"end":{"line":53,"column":null}}},"1":{"name":"handleViewOpen","decl":{"start":{"line":19,"column":13},"end":{"line":19,"column":null}},"loc":{"start":{"line":19,"column":13},"end":{"line":22,"column":null}}},"2":{"name":"handleEditOpen","decl":{"start":{"line":23,"column":13},"end":{"line":23,"column":null}},"loc":{"start":{"line":23,"column":13},"end":{"line":26,"column":null}}}},"branchMap":{},"s":{"0":5,"1":2,"2":2,"3":2,"4":2,"5":2,"6":2,"7":2,"8":2,"9":10,"10":10,"11":0,"12":0,"13":0,"14":0},"f":{"0":10,"1":0,"2":0},"b":{}}
,"/Users/kaidubauskas/Desktop/CSProjects/ReUseVandy/src/app/home/profile/page.tsx": {"path":"/Users/kaidubauskas/Desktop/CSProjects/ReUseVandy/src/app/home/profile/page.tsx","statementMap":{"0":{"start":{"line":116,"column":0},"end":{"line":116,"column":15}},"1":{"start":{"line":2,"column":32},"end":{"line":2,"column":null}},"2":{"start":{"line":3,"column":122},"end":{"line":3,"column":null}},"3":{"start":{"line":4,"column":24},"end":{"line":4,"column":null}},"4":{"start":{"line":6,"column":29},"end":{"line":6,"column":null}},"5":{"start":{"line":7,"column":7},"end":{"line":7,"column":null}},"6":{"start":{"line":9,"column":35},"end":{"line":9,"column":73}},"7":{"start":{"line":11,"column":20},"end":{"line":114,"column":null}},"8":{"start":{"line":12,"column":100},"end":{"line":12,"column":null}},"9":{"start":{"line":14,"column":46},"end":{"line":14,"column":null}},"10":{"start":{"line":15,"column":44},"end":{"line":15,"column":null}},"11":{"start":{"line":16,"column":36},"end":{"line":16,"column":null}},"12":{"start":{"line":17,"column":44},"end":{"line":17,"column":null}},"13":{"start":{"line":18,"column":40},"end":{"line":18,"column":null}},"14":{"start":{"line":19,"column":40},"end":{"line":19,"column":null}},"15":{"start":{"line":21,"column":29},"end":{"line":30,"column":null}},"16":{"start":{"line":22,"column":8},"end":{"line":29,"column":null}},"17":{"start":{"line":23,"column":25},"end":{"line":23,"column":46}},"18":{"start":{"line":24,"column":12},"end":{"line":24,"column":null}},"19":{"start":{"line":25,"column":12},"end":{"line":25,"column":null}},"20":{"start":{"line":27,"column":12},"end":{"line":27,"column":null}},"21":{"start":{"line":28,"column":12},"end":{"line":28,"column":null}},"22":{"start":{"line":33,"column":25},"end":{"line":33,"column":null}},"23":{"start":{"line":34,"column":8},"end":{"line":34,"column":null}},"24":{"start":{"line":35,"column":8},"end":{"line":35,"column":null}},"25":{"start":{"line":36,"column":8},"end":{"line":36,"column":null}},"26":{"start":{"line":37,"column":8},"end":{"line":39,"column":null}},"27":{"start":{"line":38,"column":12},"end":{"line":38,"column":null}},"28":{"start":{"line":41,"column":8},"end":{"line":41,"column":42}},"29":{"start":{"line":42,"column":8},"end":{"line":42,"column":null}},"30":{"start":{"line":43,"column":8},"end":{"line":43,"column":null}},"31":{"start":{"line":47,"column":8},"end":{"line":47,"column":null}},"32":{"start":{"line":48,"column":8},"end":{"line":48,"column":null}},"33":{"start":{"line":49,"column":8},"end":{"line":49,"column":null}},"34":{"start":{"line":50,"column":8},"end":{"line":50,"column":null}},"35":{"start":{"line":51,"column":8},"end":{"line":51,"column":null}},"36":{"start":{"line":52,"column":8},"end":{"line":52,"column":null}},"37":{"start":{"line":74,"column":82},"end":{"line":74,"column":null}},"38":{"start":{"line":78,"column":81},"end":{"line":78,"column":null}},"39":{"start":{"line":86,"column":77},"end":{"line":86,"column":null}},"40":{"start":{"line":116,"column":15},"end":{"line":116,"column":null}}},"fnMap":{"0":{"name":"(anonymous_4)","decl":{"start":{"line":11,"column":20},"end":{"line":11,"column":null}},"loc":{"start":{"line":11,"column":20},"end":{"line":114,"column":null}}},"1":{"name":"(anonymous_5)","decl":{"start":{"line":21,"column":29},"end":{"line":21,"column":30}},"loc":{"start":{"line":21,"column":30},"end":{"line":30,"column":null}}},"2":{"name":"handleEditSubmit","decl":{"start":{"line":32,"column":19},"end":{"line":32,"column":null}},"loc":{"start":{"line":32,"column":19},"end":{"line":44,"column":null}}},"3":{"name":"handleEnterEditMode","decl":{"start":{"line":46,"column":13},"end":{"line":46,"column":null}},"loc":{"start":{"line":46,"column":13},"end":{"line":53,"column":null}}},"4":{"name":"(anonymous_8)","decl":{"start":{"line":74,"column":75},"end":{"line":74,"column":76}},"loc":{"start":{"line":74,"column":82},"end":{"line":74,"column":null}}},"5":{"name":"(anonymous_9)","decl":{"start":{"line":78,"column":74},"end":{"line":78,"column":75}},"loc":{"start":{"line":78,"column":81},"end":{"line":78,"column":null}}},"6":{"name":"(anonymous_10)","decl":{"start":{"line":86,"column":70},"end":{"line":86,"column":71}},"loc":{"start":{"line":86,"column":77},"end":{"line":86,"column":null}}}},"branchMap":{"0":{"loc":{"start":{"line":22,"column":8},"end":{"line":29,"column":null}},"type":"if","locations":[{"start":{"line":22,"column":8},"end":{"line":29,"column":null}},{"start":{"line":26,"column":15},"end":{"line":29,"column":null}}]},"1":{"loc":{"start":{"line":22,"column":12},"end":{"line":22,"column":55}},"type":"binary-expr","locations":[{"start":{"line":22,"column":12},"end":{"line":22,"column":30}},{"start":{"line":22,"column":34},"end":{"line":22,"column":55}}]},"2":{"loc":{"start":{"line":37,"column":8},"end":{"line":39,"column":null}},"type":"if","locations":[{"start":{"line":37,"column":8},"end":{"line":39,"column":null}}]},"3":{"loc":{"start":{"line":60,"column":24},"end":{"line":91,"column":null}},"type":"cond-expr","locations":[{"start":{"line":60,"column":24},"end":{"line":91,"column":null}}]},"4":{"loc":{"start":{"line":61,"column":26},"end":{"line":61,"column":null}},"type":"binary-expr","locations":[{"start":{"line":61,"column":26},"end":{"line":61,"column":null}}]}},"s":{"0":3,"1":1,"2":1,"3":1,"4":1,"5":1,"6":1,"7":1,"8":4,"9":4,"10":4,"11":4,"12":4,"13":4,"14":4,"15":4,"16":0,"17":0,"18":0,"19":0,"20":0,"21":0,"22":0,"23":0,"24":0,"25":0,"26":0,"27":0,"28":0,"29":0,"30":0,"31":1,"32":1,"33":1,"34":1,"35":1,"36":1,"37":0,"38":0,"39":0,"40":1},"f":{"0":4,"1":0,"2":0,"3":1,"4":0,"5":0,"6":0},"b":{"0":[0,0],"1":[0,0],"2":[0],"3":[1],"4":[1]}}
}
