TN:
SF:src/app/home/(listings)/createListingModal.tsx
FN:19,CreateListing
FN:53,handleSubmit
FN:94,(anonymous_6)
FN:95,(anonymous_7)
FN:102,(anonymous_8)
FN:109,(anonymous_9)
FNF:6
FNH:1
FNDA:18,CreateListing
FNDA:0,handleSubmit
FNDA:0,(anonymous_6)
FNDA:0,(anonymous_7)
FNDA:0,(anonymous_8)
FNDA:0,(anonymous_9)
DA:2,1
DA:4,1
DA:6,1
DA:8,1
DA:9,1
DA:10,1
DA:19,18
DA:20,18
DA:21,18
DA:22,18
DA:23,18
DA:24,18
DA:25,18
DA:26,18
DA:29,18
DA:41,18
DA:55,0
DA:59,0
DA:60,0
DA:61,0
DA:62,0
DA:75,0
DA:76,0
DA:77,0
DA:78,0
DA:79,0
DA:82,0
DA:94,0
DA:95,0
DA:102,0
DA:109,0
LF:31
LH:16
BRDA:60,0,0,0
BRDA:60,1,0,0
BRDA:60,1,1,0
BRDA:77,2,0,0
BRDA:102,3,0,0
BRDA:102,3,1,0
BRDA:109,4,0,0
BRDA:109,4,1,0
BRF:8
BRH:0
end_of_record
TN:
SF:src/app/home/(listings)/listingEditModal.tsx
FN:19,ListingEditModal
FN:40,(anonymous_5)
FN:54,handleDeleteListing
FN:69,handleSubmit
FN:101,(anonymous_8)
FN:102,(anonymous_9)
FN:104,(anonymous_10)
FN:105,(anonymous_11)
FN:111,(anonymous_12)
FNF:9
FNH:0
FNDA:0,ListingEditModal
FNDA:0,(anonymous_5)
FNDA:0,handleDeleteListing
FNDA:0,handleSubmit
FNDA:0,(anonymous_8)
FNDA:0,(anonymous_9)
FNDA:0,(anonymous_10)
FNDA:0,(anonymous_11)
FNDA:0,(anonymous_12)
DA:2,1
DA:4,1
DA:7,1
DA:8,1
DA:9,1
DA:10,1
DA:14,1
DA:19,4
DA:20,0
DA:22,0
DA:23,0
DA:24,0
DA:25,0
DA:26,0
DA:27,0
DA:29,0
DA:40,0
DA:41,0
DA:42,0
DA:43,0
DA:44,0
DA:45,0
DA:46,0
DA:55,0
DA:56,0
DA:58,0
DA:60,0
DA:61,0
DA:70,0
DA:71,0
DA:72,0
DA:73,0
DA:74,0
DA:75,0
DA:78,0
DA:101,0
DA:102,0
DA:104,0
DA:105,0
DA:111,0
LF:40
LH:8
BRDA:27,0,0,0
BRDA:27,0,1,0
BRDA:46,1,0,0
BRDA:46,1,1,0
BRDA:73,2,0,0
BRDA:111,3,0,0
BRDA:111,3,1,0
BRF:7
BRH:0
end_of_record
TN:
SF:src/app/home/(listings)/listingsContainer.tsx
FN:24,ListingsContainer
FN:50,(anonymous_6)
FN:53,(anonymous_7)
FN:63,fetchAllListings
FN:68,(anonymous_9)
FN:92,fetchMyListings
FN:98,(anonymous_11)
FN:120,(anonymous_12)
FN:135,(anonymous_13)
FN:137,(anonymous_14)
FN:145,(anonymous_15)
FN:147,(anonymous_16)
FN:152,(anonymous_17)
FN:194,(anonymous_18)
FN:195,(anonymous_19)
FN:199,(anonymous_20)
FN:200,(anonymous_21)
FN:204,(anonymous_22)
FN:211,(anonymous_23)
FNF:19
FNH:11
FNDA:18,ListingsContainer
FNDA:0,(anonymous_6)
FNDA:0,(anonymous_7)
FNDA:4,fetchAllListings
FNDA:4,(anonymous_9)
FNDA:1,fetchMyListings
FNDA:1,(anonymous_11)
FNDA:5,(anonymous_12)
FNDA:5,(anonymous_13)
FNDA:0,(anonymous_14)
FNDA:5,(anonymous_15)
FNDA:5,(anonymous_16)
FNDA:0,(anonymous_17)
FNDA:0,(anonymous_18)
FNDA:0,(anonymous_19)
FNDA:72,(anonymous_20)
FNDA:0,(anonymous_21)
FNDA:0,(anonymous_22)
FNDA:8,(anonymous_23)
DA:2,1
DA:3,1
DA:6,1
DA:7,1
DA:9,1
DA:10,1
DA:11,1
DA:12,1
DA:13,1
DA:14,1
DA:15,1
DA:16,1
DA:24,5
DA:25,18
DA:28,18
DA:29,18
DA:30,18
DA:31,18
DA:32,18
DA:33,18
DA:37,18
DA:50,18
DA:51,0
DA:53,0
DA:54,0
DA:55,0
DA:57,0
DA:60,0
DA:64,4
DA:65,4
DA:66,4
DA:67,4
DA:68,4
DA:81,4
DA:82,4
DA:83,4
DA:86,0
DA:93,1
DA:94,1
DA:95,1
DA:96,1
DA:97,1
DA:98,1
DA:111,1
DA:112,1
DA:115,0
DA:120,18
DA:121,5
DA:123,5
DA:124,4
DA:125,4
DA:128,1
DA:129,1
DA:136,5
DA:137,0
DA:138,0
DA:140,5
DA:145,18
DA:147,5
DA:148,5
DA:151,5
DA:152,0
DA:158,5
DA:161,5
DA:194,0
DA:195,0
DA:200,72
DA:204,0
DA:212,8
LF:69
LH:55
BRDA:24,0,0,0
BRDA:57,1,0,0
BRDA:57,1,1,0
BRDA:66,2,0,4
BRDA:66,3,0,4
BRDA:66,3,1,4
BRDA:96,4,0,1
BRDA:96,5,0,1
BRDA:96,5,1,1
BRDA:121,6,0,5
BRDA:123,7,0,4
BRDA:123,7,1,1
BRDA:136,8,0,0
BRDA:136,8,1,5
BRDA:151,9,0,0
BRDA:170,10,0,14
BRDA:170,10,1,4
BRDA:211,11,0,18
BRDA:211,11,1,8
BRDA:213,12,0,6
BRF:20
BRH:15
end_of_record
TN:
SF:src/app/home/(listings)/singleListing.tsx
FN:19,SingleListing
FN:23,getCategoryColor
FNF:2
FNH:2
FNDA:12,SingleListing
FNDA:12,getCategoryColor
DA:1,1
DA:2,1
DA:3,1
DA:4,1
DA:7,1
DA:9,1
DA:19,6
DA:20,12
DA:24,12
LF:9
LH:9
BRDA:24,0,0,12
BRDA:24,0,1,12
BRF:2
BRH:2
end_of_record
TN:
SF:src/app/home/(listings)/singleListingEdit.tsx
FN:15,SingleListingEdit
FN:19,handleViewOpen
FN:23,handleEditOpen
FNF:3
FNH:1
FNDA:10,SingleListingEdit
FNDA:0,handleViewOpen
FNDA:0,handleEditOpen
DA:2,2
DA:3,2
DA:4,2
DA:6,2
DA:7,2
DA:10,2
DA:11,2
DA:13,2
DA:15,5
DA:16,10
DA:17,10
DA:20,0
DA:21,0
DA:24,0
DA:25,0
LF:15
LH:11
BRF:0
BRH:0
end_of_record
TN:
SF:src/app/home/profile/page.tsx
FN:11,(anonymous_4)
FN:21,(anonymous_5)
FN:32,handleEditSubmit
FN:46,handleEnterEditMode
FN:74,(anonymous_8)
FN:78,(anonymous_9)
FN:86,(anonymous_10)
FNF:7
FNH:2
FNDA:4,(anonymous_4)
FNDA:0,(anonymous_5)
FNDA:0,handleEditSubmit
FNDA:1,handleEnterEditMode
FNDA:0,(anonymous_8)
FNDA:0,(anonymous_9)
FNDA:0,(anonymous_10)
DA:2,1
DA:3,1
DA:4,1
DA:6,1
DA:7,1
DA:9,1
DA:11,1
DA:12,4
DA:14,4
DA:15,4
DA:16,4
DA:17,4
DA:18,4
DA:19,4
DA:21,4
DA:22,0
DA:23,0
DA:24,0
DA:25,0
DA:27,0
DA:28,0
DA:33,0
DA:34,0
DA:35,0
DA:36,0
DA:37,0
DA:38,0
DA:41,0
DA:42,0
DA:43,0
DA:47,1
DA:48,1
DA:49,1
DA:50,1
DA:51,1
DA:52,1
DA:74,0
DA:78,0
DA:86,0
DA:116,3
LF:40
LH:22
BRDA:22,0,0,0
BRDA:22,0,1,0
BRDA:22,1,0,0
BRDA:22,1,1,0
BRDA:37,2,0,0
BRDA:60,3,0,1
BRDA:61,4,0,1
BRF:7
BRH:2
end_of_record
